TN:
SF:src/app.ts
FN:31,(anonymous_1)
FN:41,(anonymous_2)
FNF:2
FNH:0
FNDA:0,(anonymous_1)
FNDA:0,(anonymous_2)
DA:1,1
DA:2,1
DA:3,1
DA:4,1
DA:5,1
DA:7,1
DA:9,1
DA:10,1
DA:11,1
DA:12,1
DA:16,1
DA:24,1
DA:27,1
DA:31,1
DA:32,0
DA:41,1
DA:42,0
DA:43,0
DA:47,0
DA:50,1
LF:20
LH:16
BRDA:45,0,0,0
BRDA:45,0,1,0
BRF:2
BRH:0
end_of_record
TN:
SF:src/config/config.ts
FNF:0
FNH:0
DA:1,1
DA:3,1
DA:13,1
DA:21,1
DA:22,0
DA:25,1
LF:6
LH:5
BRDA:14,0,0,1
BRDA:14,0,1,0
BRDA:15,1,0,1
BRDA:15,1,1,0
BRDA:16,2,0,1
BRDA:16,2,1,0
BRDA:17,3,0,1
BRDA:17,3,1,0
BRDA:21,4,0,0
BRDA:21,5,0,1
BRDA:21,5,1,0
BRF:11
BRH:5
end_of_record
TN:
SF:src/controllers/payment.controllers.ts
FN:5,(anonymous_0)
FN:40,(anonymous_1)
FN:84,(anonymous_2)
FNF:3
FNH:3
FNDA:4,(anonymous_0)
FNDA:2,(anonymous_1)
FNDA:1,(anonymous_2)
DA:2,1
DA:5,1
DA:9,4
DA:10,4
DA:12,4
DA:13,2
DA:17,2
DA:20,2
DA:21,2
DA:24,2
DA:29,2
DA:32,0
DA:36,0
DA:40,1
DA:44,2
DA:45,2
DA:46,2
DA:47,0
DA:51,0
DA:54,2
DA:55,1
DA:57,1
DA:68,1
DA:73,1
DA:75,1
DA:79,1
DA:84,1
DA:85,1
DA:87,1
DA:88,0
DA:89,1
DA:90,1
DA:92,0
LF:33
LH:27
BRDA:12,0,0,2
BRDA:12,1,0,4
BRDA:12,1,1,3
BRDA:34,2,0,0
BRDA:34,2,1,0
BRDA:46,3,0,0
BRDA:60,4,0,0
BRDA:60,4,1,1
BRDA:60,5,0,1
BRDA:60,5,1,0
BRDA:77,6,0,1
BRDA:77,6,1,0
BRDA:87,7,0,0
BRDA:87,7,1,1
BRDA:89,8,0,1
BRDA:89,8,1,0
BRDA:89,9,0,1
BRDA:89,9,1,0
BRF:18
BRH:9
end_of_record
TN:
SF:src/routes/v1/index.ts
FNF:0
FNH:0
DA:1,1
DA:2,1
DA:4,1
DA:6,1
DA:9,1
LF:5
LH:5
BRF:0
BRH:0
end_of_record
TN:
SF:src/routes/v1/paymentRoutes.ts
FNF:0
FNH:0
DA:1,1
DA:2,1
DA:5,1
DA:7,1
DA:8,1
DA:10,1
LF:6
LH:6
BRF:0
BRH:0
end_of_record
TN:
SF:src/services/payment.service.ts
FN:17,(anonymous_1)
FN:38,(anonymous_2)
FNF:2
FNH:2
FNDA:2,(anonymous_1)
FNDA:2,(anonymous_2)
DA:1,1
DA:2,1
DA:8,1
DA:17,1
DA:18,2
DA:19,2
DA:25,2
DA:31,0
DA:32,0
DA:38,1
DA:39,2
DA:40,2
DA:42,1
DA:44,1
DA:45,1
LF:15
LH:13
BRF:0
BRH:0
end_of_record
